This file contains any messages produced by compilers while
running configure, to aid debugging if configure makes a mistake.

It was created by smartappserver configure 0.1, which was
generated by GNU Autoconf 2.63.  Invocation command line was

  $ ./configure 

## --------- ##
## Platform. ##
## --------- ##

hostname = More-laptop
uname -m = x86_64
uname -r = 2.6.28-ARCH
uname -s = Linux
uname -v = #1 SMP PREEMPT Sun Feb 8 09:47:26 UTC 2009

/usr/bin/uname -p = unknown
/bin/uname -X     = unknown

/bin/arch              = x86_64
/usr/bin/arch -k       = unknown
/usr/convex/getsysinfo = unknown
/usr/bin/hostinfo      = unknown
/bin/machine           = unknown
/usr/bin/oslevel       = unknown
/bin/universe          = unknown

PATH: /bin
PATH: /usr/bin
PATH: /sbin
PATH: /usr/sbin
PATH: /opt/kde/bin
PATH: /usr/bin/perlbin/site
PATH: /usr/bin/perlbin/vendor
PATH: /usr/bin/perlbin/core
PATH: /opt/qt/bin


## ----------- ##
## Core tests. ##
## ----------- ##

configure:1872: checking for a BSD-compatible install
configure:1940: result: /bin/install -c
configure:1951: checking whether build environment is sane
configure:1994: result: yes
configure:2019: checking for a thread-safe mkdir -p
configure:2058: result: /bin/mkdir -p
configure:2071: checking for gawk
configure:2087: found /bin/gawk
configure:2098: result: gawk
configure:2109: checking whether make sets $(MAKE)
configure:2131: result: yes
configure:2365: checking for gcc
configure:2381: found /usr/bin/gcc
configure:2392: result: gcc
configure:2624: checking for C compiler version
configure:2632: gcc --version >&5
gcc (GCC) 4.3.3
Copyright (C) 2008 Free Software Foundation, Inc.
This is free software; see the source for copying conditions.  There is NO
warranty; not even for MERCHANTABILITY or FITNESS FOR A PARTICULAR PURPOSE.

configure:2636: $? = 0
configure:2643: gcc -v >&5
Using built-in specs.
Target: x86_64-unknown-linux-gnu
Configured with: ../configure --prefix=/usr --enable-shared --enable-languages=c,c++,fortran,objc,obj-c++,treelang --enable-threads=posix --mandir=/usr/share/man --infodir=/usr/share/info --enable-__cxa_atexit --disable-multilib --libdir=/usr/lib --libexecdir=/usr/lib --enable-clocale=gnu --disable-libstdcxx-pch --with-tune=generic
Thread model: posix
gcc version 4.3.3 (GCC) 
configure:2647: $? = 0
configure:2654: gcc -V >&5
gcc: '-V' option must have argument
configure:2658: $? = 1
configure:2681: checking for C compiler default output file name
configure:2703: gcc    conftest.c  >&5
configure:2707: $? = 0
configure:2745: result: a.out
configure:2764: checking whether the C compiler works
configure:2774: ./a.out
configure:2778: $? = 0
configure:2797: result: yes
configure:2804: checking whether we are cross compiling
configure:2806: result: no
configure:2809: checking for suffix of executables
configure:2816: gcc -o conftest    conftest.c  >&5
configure:2820: $? = 0
configure:2846: result: 
configure:2852: checking for suffix of object files
configure:2878: gcc -c   conftest.c >&5
configure:2882: $? = 0
configure:2907: result: o
configure:2911: checking whether we are using the GNU C compiler
configure:2940: gcc -c   conftest.c >&5
configure:2947: $? = 0
configure:2964: result: yes
configure:2973: checking whether gcc accepts -g
configure:3003: gcc -c -g  conftest.c >&5
configure:3010: $? = 0
configure:3111: result: yes
configure:3128: checking for gcc option to accept ISO C89
configure:3202: gcc  -c -g -O2  conftest.c >&5
configure:3209: $? = 0
configure:3232: result: none needed
configure:3261: checking for style of include used by make
configure:3289: result: GNU
configure:3314: checking dependency style of gcc
configure:3405: result: gcc3
configure:3425: checking for mysql_init in -lmysqlclient
configure:3460: gcc -o conftest -g -O2   conftest.c -lmysqlclient   >&5
configure:3467: $? = 0
configure:3488: result: yes
configure:3503: checking for FCGI_Accept in -lfcgi
configure:3538: gcc -o conftest -g -O2   conftest.c -lfcgi  -lmysqlclient  >&5
configure:3545: $? = 0
configure:3566: result: yes
configure:3581: checking for pool_Create in -lcda
configure:3616: gcc -o conftest -g -O2   conftest.c -lcda  -lfcgi -lmysqlclient  >&5
configure:3623: $? = 0
configure:3644: result: yes
configure:3664: checking how to run the C preprocessor
configure:3704: gcc -E  conftest.c
configure:3711: $? = 0
configure:3742: gcc -E  conftest.c
conftest.c:13:28: error: ac_nonexistent.h: No such file or directory
configure:3749: $? = 1
configure: failed program was:
| /* confdefs.h.  */
| #define PACKAGE_NAME "smartappserver"
| #define PACKAGE_TARNAME "smartappserver"
| #define PACKAGE_VERSION "0.1"
| #define PACKAGE_STRING "smartappserver 0.1"
| #define PACKAGE_BUGREPORT "monan@21cn.com"
| #define PACKAGE "smartappserver"
| #define VERSION "0.1"
| #define HAVE_LIBMYSQLCLIENT 1
| #define HAVE_LIBFCGI 1
| #define HAVE_LIBCDA 1
| /* end confdefs.h.  */
| #include <ac_nonexistent.h>
configure:3782: result: gcc -E
configure:3811: gcc -E  conftest.c
configure:3818: $? = 0
configure:3849: gcc -E  conftest.c
conftest.c:13:28: error: ac_nonexistent.h: No such file or directory
configure:3856: $? = 1
configure: failed program was:
| /* confdefs.h.  */
| #define PACKAGE_NAME "smartappserver"
| #define PACKAGE_TARNAME "smartappserver"
| #define PACKAGE_VERSION "0.1"
| #define PACKAGE_STRING "smartappserver 0.1"
| #define PACKAGE_BUGREPORT "monan@21cn.com"
| #define PACKAGE "smartappserver"
| #define VERSION "0.1"
| #define HAVE_LIBMYSQLCLIENT 1
| #define HAVE_LIBFCGI 1
| #define HAVE_LIBCDA 1
| /* end confdefs.h.  */
| #include <ac_nonexistent.h>
configure:3896: checking for grep that handles long lines and -e
configure:3956: result: /bin/grep
configure:3961: checking for egrep
configure:4025: result: /bin/grep -E
configure:4030: checking for ANSI C header files
configure:4060: gcc -c -g -O2  conftest.c >&5
configure:4067: $? = 0
configure:4166: gcc -o conftest -g -O2   conftest.c -lcda -lfcgi -lmysqlclient  >&5
configure:4170: $? = 0
configure:4176: ./conftest
configure:4180: $? = 0
configure:4198: result: yes
configure:4222: checking for sys/types.h
configure:4243: gcc -c -g -O2  conftest.c >&5
configure:4250: $? = 0
configure:4267: result: yes
configure:4222: checking for sys/stat.h
configure:4243: gcc -c -g -O2  conftest.c >&5
configure:4250: $? = 0
configure:4267: result: yes
configure:4222: checking for stdlib.h
configure:4243: gcc -c -g -O2  conftest.c >&5
configure:4250: $? = 0
configure:4267: result: yes
configure:4222: checking for string.h
configure:4243: gcc -c -g -O2  conftest.c >&5
configure:4250: $? = 0
configure:4267: result: yes
configure:4222: checking for memory.h
configure:4243: gcc -c -g -O2  conftest.c >&5
configure:4250: $? = 0
configure:4267: result: yes
configure:4222: checking for strings.h
configure:4243: gcc -c -g -O2  conftest.c >&5
configure:4250: $? = 0
configure:4267: result: yes
configure:4222: checking for inttypes.h
configure:4243: gcc -c -g -O2  conftest.c >&5
configure:4250: $? = 0
configure:4267: result: yes
configure:4222: checking for stdint.h
configure:4243: gcc -c -g -O2  conftest.c >&5
configure:4250: $? = 0
configure:4267: result: yes
configure:4222: checking for unistd.h
configure:4243: gcc -c -g -O2  conftest.c >&5
configure:4250: $? = 0
configure:4267: result: yes
configure:4286: checking for stdlib.h
configure:4293: result: yes
configure:4434: checking for size_t
configure:4462: gcc -c -g -O2  conftest.c >&5
configure:4469: $? = 0
configure:4496: gcc -c -g -O2  conftest.c >&5
conftest.c: In function 'main':
conftest.c:60: error: expected expression before ')' token
configure:4503: $? = 1
configure: failed program was:
| /* confdefs.h.  */
| #define PACKAGE_NAME "smartappserver"
| #define PACKAGE_TARNAME "smartappserver"
| #define PACKAGE_VERSION "0.1"
| #define PACKAGE_STRING "smartappserver 0.1"
| #define PACKAGE_BUGREPORT "monan@21cn.com"
| #define PACKAGE "smartappserver"
| #define VERSION "0.1"
| #define HAVE_LIBMYSQLCLIENT 1
| #define HAVE_LIBFCGI 1
| #define HAVE_LIBCDA 1
| #define STDC_HEADERS 1
| #define HAVE_SYS_TYPES_H 1
| #define HAVE_SYS_STAT_H 1
| #define HAVE_STDLIB_H 1
| #define HAVE_STRING_H 1
| #define HAVE_MEMORY_H 1
| #define HAVE_STRINGS_H 1
| #define HAVE_INTTYPES_H 1
| #define HAVE_STDINT_H 1
| #define HAVE_UNISTD_H 1
| #define HAVE_STDLIB_H 1
| /* end confdefs.h.  */
| #include <stdio.h>
| #ifdef HAVE_SYS_TYPES_H
| # include <sys/types.h>
| #endif
| #ifdef HAVE_SYS_STAT_H
| # include <sys/stat.h>
| #endif
| #ifdef STDC_HEADERS
| # include <stdlib.h>
| # include <stddef.h>
| #else
| # ifdef HAVE_STDLIB_H
| #  include <stdlib.h>
| # endif
| #endif
| #ifdef HAVE_STRING_H
| # if !defined STDC_HEADERS && defined HAVE_MEMORY_H
| #  include <memory.h>
| # endif
| # include <string.h>
| #endif
| #ifdef HAVE_STRINGS_H
| # include <strings.h>
| #endif
| #ifdef HAVE_INTTYPES_H
| # include <inttypes.h>
| #endif
| #ifdef HAVE_STDINT_H
| # include <stdint.h>
| #endif
| #ifdef HAVE_UNISTD_H
| # include <unistd.h>
| #endif
| int
| main ()
| {
| if (sizeof ((size_t)))
| 	  return 0;
|   ;
|   return 0;
| }
configure:4526: result: yes
configure:4659: creating ./config.status

## ---------------------- ##
## Running config.status. ##
## ---------------------- ##

This file was extended by smartappserver config.status 0.1, which was
generated by GNU Autoconf 2.63.  Invocation command line was

  CONFIG_FILES    = 
  CONFIG_HEADERS  = 
  CONFIG_LINKS    = 
  CONFIG_COMMANDS = 
  $ ./config.status 

on More-laptop

config.status:773: creating Makefile
config.status:773: creating config.h
config.status:1047: executing depfiles commands

## ---------------- ##
## Cache variables. ##
## ---------------- ##

ac_cv_c_compiler_gnu=yes
ac_cv_env_CC_set=
ac_cv_env_CC_value=
ac_cv_env_CFLAGS_set=
ac_cv_env_CFLAGS_value=
ac_cv_env_CPPFLAGS_set=
ac_cv_env_CPPFLAGS_value=
ac_cv_env_CPP_set=
ac_cv_env_CPP_value=
ac_cv_env_LDFLAGS_set=
ac_cv_env_LDFLAGS_value=
ac_cv_env_LIBS_set=
ac_cv_env_LIBS_value=
ac_cv_env_build_alias_set=
ac_cv_env_build_alias_value=
ac_cv_env_host_alias_set=
ac_cv_env_host_alias_value=
ac_cv_env_target_alias_set=
ac_cv_env_target_alias_value=
ac_cv_header_inttypes_h=yes
ac_cv_header_memory_h=yes
ac_cv_header_stdc=yes
ac_cv_header_stdint_h=yes
ac_cv_header_stdlib_h=yes
ac_cv_header_string_h=yes
ac_cv_header_strings_h=yes
ac_cv_header_sys_stat_h=yes
ac_cv_header_sys_types_h=yes
ac_cv_header_unistd_h=yes
ac_cv_lib_cda_pool_Create=yes
ac_cv_lib_fcgi_FCGI_Accept=yes
ac_cv_lib_mysqlclient_mysql_init=yes
ac_cv_objext=o
ac_cv_path_EGREP='/bin/grep -E'
ac_cv_path_GREP=/bin/grep
ac_cv_path_install='/bin/install -c'
ac_cv_path_mkdir=/bin/mkdir
ac_cv_prog_AWK=gawk
ac_cv_prog_CPP='gcc -E'
ac_cv_prog_ac_ct_CC=gcc
ac_cv_prog_cc_c89=
ac_cv_prog_cc_g=yes
ac_cv_prog_make_make_set=yes
ac_cv_type_size_t=yes
am_cv_CC_dependencies_compiler_type=gcc3

## ----------------- ##
## Output variables. ##
## ----------------- ##

ACLOCAL='${SHELL} /home/more/Documents/workspace/smartappserver-0.1/missing --run aclocal-1.10'
AMDEPBACKSLASH='\'
AMDEP_FALSE='#'
AMDEP_TRUE=''
AMTAR='${SHELL} /home/more/Documents/workspace/smartappserver-0.1/missing --run tar'
AUTOCONF='${SHELL} /home/more/Documents/workspace/smartappserver-0.1/missing --run autoconf'
AUTOHEADER='${SHELL} /home/more/Documents/workspace/smartappserver-0.1/missing --run autoheader'
AUTOMAKE='${SHELL} /home/more/Documents/workspace/smartappserver-0.1/missing --run automake-1.10'
AWK='gawk'
CC='gcc'
CCDEPMODE='depmode=gcc3'
CFLAGS='-g -O2'
CPP='gcc -E'
CPPFLAGS=''
CYGPATH_W='echo'
DEFS='-DHAVE_CONFIG_H'
DEPDIR='.deps'
ECHO_C=''
ECHO_N='-n'
ECHO_T=''
EGREP='/bin/grep -E'
EXEEXT=''
GREP='/bin/grep'
INSTALL_DATA='${INSTALL} -m 644'
INSTALL_PROGRAM='${INSTALL}'
INSTALL_SCRIPT='${INSTALL}'
INSTALL_STRIP_PROGRAM='$(install_sh) -c -s'
LDFLAGS=''
LIBOBJS=''
LIBS='-lcda -lfcgi -lmysqlclient '
LTLIBOBJS=''
MAKEINFO='${SHELL} /home/more/Documents/workspace/smartappserver-0.1/missing --run makeinfo'
MKDIR_P='/bin/mkdir -p'
OBJEXT='o'
PACKAGE='smartappserver'
PACKAGE_BUGREPORT='monan@21cn.com'
PACKAGE_NAME='smartappserver'
PACKAGE_STRING='smartappserver 0.1'
PACKAGE_TARNAME='smartappserver'
PACKAGE_VERSION='0.1'
PATH_SEPARATOR=':'
SET_MAKE=''
SHELL='/bin/sh'
STRIP=''
VERSION='0.1'
ac_ct_CC='gcc'
am__fastdepCC_FALSE='#'
am__fastdepCC_TRUE=''
am__include='include'
am__isrc=''
am__leading_dot='.'
am__quote=''
am__tar='${AMTAR} chof - "$$tardir"'
am__untar='${AMTAR} xf -'
bindir='${exec_prefix}/bin'
build_alias=''
datadir='${datarootdir}'
datarootdir='${prefix}/share'
docdir='${datarootdir}/doc/${PACKAGE_TARNAME}'
dvidir='${docdir}'
exec_prefix='${prefix}'
host_alias=''
htmldir='${docdir}'
includedir='${prefix}/include'
infodir='${datarootdir}/info'
install_sh='$(SHELL) /home/more/Documents/workspace/smartappserver-0.1/install-sh'
libdir='${exec_prefix}/lib'
libexecdir='${exec_prefix}/libexec'
localedir='${datarootdir}/locale'
localstatedir='${prefix}/var'
mandir='${datarootdir}/man'
mkdir_p='/bin/mkdir -p'
oldincludedir='/usr/include'
pdfdir='${docdir}'
prefix='/usr/local'
program_transform_name='s,x,x,'
psdir='${docdir}'
sbindir='${exec_prefix}/sbin'
sharedstatedir='${prefix}/com'
sysconfdir='${prefix}/etc'
target_alias=''

## ----------- ##
## confdefs.h. ##
## ----------- ##

#define PACKAGE_NAME "smartappserver"
#define PACKAGE_TARNAME "smartappserver"
#define PACKAGE_VERSION "0.1"
#define PACKAGE_STRING "smartappserver 0.1"
#define PACKAGE_BUGREPORT "monan@21cn.com"
#define PACKAGE "smartappserver"
#define VERSION "0.1"
#define HAVE_LIBMYSQLCLIENT 1
#define HAVE_LIBFCGI 1
#define HAVE_LIBCDA 1
#define STDC_HEADERS 1
#define HAVE_SYS_TYPES_H 1
#define HAVE_SYS_STAT_H 1
#define HAVE_STDLIB_H 1
#define HAVE_STRING_H 1
#define HAVE_MEMORY_H 1
#define HAVE_STRINGS_H 1
#define HAVE_INTTYPES_H 1
#define HAVE_STDINT_H 1
#define HAVE_UNISTD_H 1
#define HAVE_STDLIB_H 1

configure: exit 0
