This file contains any messages produced by compilers while
running configure, to aid debugging if configure makes a mistake.

It was created by sparrows configure 0.1, which was
generated by GNU Autoconf 2.63.  Invocation command line was

  $ ./configure 

## --------- ##
## Platform. ##
## --------- ##

hostname = morebtcg
uname -m = x86_64
uname -r = 2.6.29-ARCH
uname -s = Linux
uname -v = #1 SMP PREEMPT Wed May 20 06:42:43 UTC 2009

/usr/bin/uname -p = unknown
/bin/uname -X     = unknown

/bin/arch              = x86_64
/usr/bin/arch -k       = unknown
/usr/convex/getsysinfo = unknown
/usr/bin/hostinfo      = unknown
/bin/machine           = unknown
/usr/bin/oslevel       = unknown
/bin/universe          = unknown

PATH: /home/more/bin
PATH: /bin
PATH: /usr/bin
PATH: /sbin
PATH: /usr/sbin
PATH: /usr/bin/perlbin/site
PATH: /usr/bin/perlbin/vendor
PATH: /usr/bin/perlbin/core
PATH: /opt/qt/bin
PATH: /opt/torcs/bin
PATH: /usr/lib/oss/bin
PATH: /usr/lib/oss/bin


## ----------- ##
## Core tests. ##
## ----------- ##

configure:1874: checking for a BSD-compatible install
configure:1942: result: /bin/install -c
configure:1953: checking whether build environment is sane
configure:2013: result: yes
configure:2154: checking for a thread-safe mkdir -p
configure:2193: result: /bin/mkdir -p
configure:2206: checking for gawk
configure:2222: found /bin/gawk
configure:2233: result: gawk
configure:2244: checking whether make sets $(MAKE)
configure:2266: result: yes
configure:2398: checking for gcc
configure:2414: found /usr/bin/gcc
configure:2425: result: gcc
configure:2657: checking for C compiler version
configure:2665: gcc --version >&5
gcc (GCC) 4.4.0 20090526 (prerelease)
Copyright (C) 2009 Free Software Foundation, Inc.
This is free software; see the source for copying conditions.  There is NO
warranty; not even for MERCHANTABILITY or FITNESS FOR A PARTICULAR PURPOSE.

configure:2669: $? = 0
configure:2676: gcc -v >&5
Using built-in specs.
Target: x86_64-unknown-linux-gnu
Configured with: ../configure --prefix=/usr --enable-shared --enable-languages=c,c++,fortran,objc,obj-c++ --enable-threads=posix --mandir=/usr/share/man --infodir=/usr/share/info --enable-__cxa_atexit --disable-multilib --libdir=/usr/lib --libexecdir=/usr/lib --enable-clocale=gnu --disable-libstdcxx-pch --with-tune=generic
Thread model: posix
gcc version 4.4.0 20090526 (prerelease) (GCC) 
configure:2680: $? = 0
configure:2687: gcc -V >&5
gcc: '-V' option must have argument
configure:2691: $? = 1
configure:2714: checking for C compiler default output file name
configure:2736: gcc    conftest.c  >&5
configure:2740: $? = 0
configure:2778: result: a.out
configure:2797: checking whether the C compiler works
configure:2807: ./a.out
configure:2811: $? = 0
configure:2830: result: yes
configure:2837: checking whether we are cross compiling
configure:2839: result: no
configure:2842: checking for suffix of executables
configure:2849: gcc -o conftest    conftest.c  >&5
configure:2853: $? = 0
configure:2879: result: 
configure:2885: checking for suffix of object files
configure:2911: gcc -c   conftest.c >&5
configure:2915: $? = 0
configure:2940: result: o
configure:2944: checking whether we are using the GNU C compiler
configure:2973: gcc -c   conftest.c >&5
configure:2980: $? = 0
configure:2997: result: yes
configure:3006: checking whether gcc accepts -g
configure:3036: gcc -c -g  conftest.c >&5
configure:3043: $? = 0
configure:3144: result: yes
configure:3161: checking for gcc option to accept ISO C89
configure:3235: gcc  -c -g -O2  conftest.c >&5
configure:3242: $? = 0
configure:3265: result: none needed
configure:3294: checking for style of include used by make
configure:3322: result: GNU
configure:3347: checking dependency style of gcc
configure:3457: result: gcc3
configure:3477: checking for pool_Create in -lcda
configure:3512: gcc -o conftest -g -O2   conftest.c -lcda   >&5
configure:3519: $? = 0
configure:3540: result: yes
configure:3554: checking for xml_Open in -lxmlo
configure:3589: gcc -o conftest -g -O2   conftest.c -lxmlo  -lcda  >&5
configure:3596: $? = 0
configure:3617: result: yes
configure:3637: checking how to run the C preprocessor
configure:3677: gcc -E  conftest.c
configure:3684: $? = 0
configure:3715: gcc -E  conftest.c
conftest.c:12:28: error: ac_nonexistent.h: No such file or directory
configure:3722: $? = 1
configure: failed program was:
| /* confdefs.h.  */
| #define PACKAGE_NAME "sparrows"
| #define PACKAGE_TARNAME "sparrows"
| #define PACKAGE_VERSION "0.1"
| #define PACKAGE_STRING "sparrows 0.1"
| #define PACKAGE_BUGREPORT "monan@21cn.com"
| #define PACKAGE "sparrows"
| #define VERSION "0.1"
| #define HAVE_LIBCDA 1
| #define HAVE_LIBXMLO 1
| /* end confdefs.h.  */
| #include <ac_nonexistent.h>
configure:3755: result: gcc -E
configure:3784: gcc -E  conftest.c
configure:3791: $? = 0
configure:3822: gcc -E  conftest.c
conftest.c:12:28: error: ac_nonexistent.h: No such file or directory
configure:3829: $? = 1
configure: failed program was:
| /* confdefs.h.  */
| #define PACKAGE_NAME "sparrows"
| #define PACKAGE_TARNAME "sparrows"
| #define PACKAGE_VERSION "0.1"
| #define PACKAGE_STRING "sparrows 0.1"
| #define PACKAGE_BUGREPORT "monan@21cn.com"
| #define PACKAGE "sparrows"
| #define VERSION "0.1"
| #define HAVE_LIBCDA 1
| #define HAVE_LIBXMLO 1
| /* end confdefs.h.  */
| #include <ac_nonexistent.h>
configure:3869: checking for grep that handles long lines and -e
configure:3929: result: /bin/grep
configure:3934: checking for egrep
configure:3998: result: /bin/grep -E
configure:4003: checking for ANSI C header files
configure:4033: gcc -c -g -O2  conftest.c >&5
configure:4040: $? = 0
configure:4139: gcc -o conftest -g -O2   conftest.c -lxmlo -lcda  >&5
configure:4143: $? = 0
configure:4149: ./conftest
configure:4153: $? = 0
configure:4171: result: yes
configure:4195: checking for sys/types.h
configure:4216: gcc -c -g -O2  conftest.c >&5
configure:4223: $? = 0
configure:4240: result: yes
configure:4195: checking for sys/stat.h
configure:4216: gcc -c -g -O2  conftest.c >&5
configure:4223: $? = 0
configure:4240: result: yes
configure:4195: checking for stdlib.h
configure:4216: gcc -c -g -O2  conftest.c >&5
configure:4223: $? = 0
configure:4240: result: yes
configure:4195: checking for string.h
configure:4216: gcc -c -g -O2  conftest.c >&5
configure:4223: $? = 0
configure:4240: result: yes
configure:4195: checking for memory.h
configure:4216: gcc -c -g -O2  conftest.c >&5
configure:4223: $? = 0
configure:4240: result: yes
configure:4195: checking for strings.h
configure:4216: gcc -c -g -O2  conftest.c >&5
configure:4223: $? = 0
configure:4240: result: yes
configure:4195: checking for inttypes.h
configure:4216: gcc -c -g -O2  conftest.c >&5
configure:4223: $? = 0
configure:4240: result: yes
configure:4195: checking for stdint.h
configure:4216: gcc -c -g -O2  conftest.c >&5
configure:4223: $? = 0
configure:4240: result: yes
configure:4195: checking for unistd.h
configure:4216: gcc -c -g -O2  conftest.c >&5
configure:4223: $? = 0
configure:4240: result: yes
configure:4261: checking for stdlib.h
configure:4268: result: yes
configure:4272: checking xmlo/xmlo.h usability
configure:4289: gcc -c -g -O2  conftest.c >&5
configure:4296: $? = 0
configure:4310: result: yes
configure:4314: checking xmlo/xmlo.h presence
configure:4329: gcc -E  conftest.c
configure:4336: $? = 0
configure:4350: result: yes
configure:4383: checking for xmlo/xmlo.h
configure:4392: result: yes
configure:4272: checking cda/c_array.h usability
configure:4289: gcc -c -g -O2  conftest.c >&5
configure:4296: $? = 0
configure:4310: result: yes
configure:4314: checking cda/c_array.h presence
configure:4329: gcc -E  conftest.c
configure:4336: $? = 0
configure:4350: result: yes
configure:4383: checking for cda/c_array.h
configure:4392: result: yes
configure:4409: checking for size_t
configure:4437: gcc -c -g -O2  conftest.c >&5
configure:4444: $? = 0
configure:4471: gcc -c -g -O2  conftest.c >&5
conftest.c: In function 'main':
conftest.c:61: error: expected expression before ')' token
configure:4478: $? = 1
configure: failed program was:
| /* confdefs.h.  */
| #define PACKAGE_NAME "sparrows"
| #define PACKAGE_TARNAME "sparrows"
| #define PACKAGE_VERSION "0.1"
| #define PACKAGE_STRING "sparrows 0.1"
| #define PACKAGE_BUGREPORT "monan@21cn.com"
| #define PACKAGE "sparrows"
| #define VERSION "0.1"
| #define HAVE_LIBCDA 1
| #define HAVE_LIBXMLO 1
| #define STDC_HEADERS 1
| #define HAVE_SYS_TYPES_H 1
| #define HAVE_SYS_STAT_H 1
| #define HAVE_STDLIB_H 1
| #define HAVE_STRING_H 1
| #define HAVE_MEMORY_H 1
| #define HAVE_STRINGS_H 1
| #define HAVE_INTTYPES_H 1
| #define HAVE_STDINT_H 1
| #define HAVE_UNISTD_H 1
| #define HAVE_STDLIB_H 1
| #define HAVE_XMLO_XMLO_H 1
| #define HAVE_CDA_C_ARRAY_H 1
| /* end confdefs.h.  */
| #include <stdio.h>
| #ifdef HAVE_SYS_TYPES_H
| # include <sys/types.h>
| #endif
| #ifdef HAVE_SYS_STAT_H
| # include <sys/stat.h>
| #endif
| #ifdef STDC_HEADERS
| # include <stdlib.h>
| # include <stddef.h>
| #else
| # ifdef HAVE_STDLIB_H
| #  include <stdlib.h>
| # endif
| #endif
| #ifdef HAVE_STRING_H
| # if !defined STDC_HEADERS && defined HAVE_MEMORY_H
| #  include <memory.h>
| # endif
| # include <string.h>
| #endif
| #ifdef HAVE_STRINGS_H
| # include <strings.h>
| #endif
| #ifdef HAVE_INTTYPES_H
| # include <inttypes.h>
| #endif
| #ifdef HAVE_STDINT_H
| # include <stdint.h>
| #endif
| #ifdef HAVE_UNISTD_H
| # include <unistd.h>
| #endif
| int
| main ()
| {
| if (sizeof ((size_t)))
| 	  return 0;
|   ;
|   return 0;
| }
configure:4501: result: yes
configure:4642: creating ./config.status

## ---------------------- ##
## Running config.status. ##
## ---------------------- ##

This file was extended by sparrows config.status 0.1, which was
generated by GNU Autoconf 2.63.  Invocation command line was

  CONFIG_FILES    = 
  CONFIG_HEADERS  = 
  CONFIG_LINKS    = 
  CONFIG_COMMANDS = 
  $ ./config.status 

on morebtcg

config.status:776: creating Makefile
config.status:776: creating config.h
config.status:998: config.h is unchanged
config.status:1050: executing depfiles commands

## ---------------- ##
## Cache variables. ##
## ---------------- ##

ac_cv_c_compiler_gnu=yes
ac_cv_env_CC_set=
ac_cv_env_CC_value=
ac_cv_env_CFLAGS_set=
ac_cv_env_CFLAGS_value=
ac_cv_env_CPPFLAGS_set=
ac_cv_env_CPPFLAGS_value=
ac_cv_env_CPP_set=
ac_cv_env_CPP_value=
ac_cv_env_LDFLAGS_set=
ac_cv_env_LDFLAGS_value=
ac_cv_env_LIBS_set=
ac_cv_env_LIBS_value=
ac_cv_env_build_alias_set=
ac_cv_env_build_alias_value=
ac_cv_env_host_alias_set=
ac_cv_env_host_alias_value=
ac_cv_env_target_alias_set=
ac_cv_env_target_alias_value=
ac_cv_header_cda_c_array_h=yes
ac_cv_header_inttypes_h=yes
ac_cv_header_memory_h=yes
ac_cv_header_stdc=yes
ac_cv_header_stdint_h=yes
ac_cv_header_stdlib_h=yes
ac_cv_header_string_h=yes
ac_cv_header_strings_h=yes
ac_cv_header_sys_stat_h=yes
ac_cv_header_sys_types_h=yes
ac_cv_header_unistd_h=yes
ac_cv_header_xmlo_xmlo_h=yes
ac_cv_lib_cda_pool_Create=yes
ac_cv_lib_xmlo_xml_Open=yes
ac_cv_objext=o
ac_cv_path_EGREP='/bin/grep -E'
ac_cv_path_GREP=/bin/grep
ac_cv_path_install='/bin/install -c'
ac_cv_path_mkdir=/bin/mkdir
ac_cv_prog_AWK=gawk
ac_cv_prog_CPP='gcc -E'
ac_cv_prog_ac_ct_CC=gcc
ac_cv_prog_cc_c89=
ac_cv_prog_cc_g=yes
ac_cv_prog_make_make_set=yes
ac_cv_type_size_t=yes
am_cv_CC_dependencies_compiler_type=gcc3

## ----------------- ##
## Output variables. ##
## ----------------- ##

ACLOCAL='${SHELL} /home/more/Documents/workspace/sparrows/missing --run aclocal-1.11'
AMDEPBACKSLASH='\'
AMDEP_FALSE='#'
AMDEP_TRUE=''
AMTAR='${SHELL} /home/more/Documents/workspace/sparrows/missing --run tar'
AUTOCONF='${SHELL} /home/more/Documents/workspace/sparrows/missing --run autoconf'
AUTOHEADER='${SHELL} /home/more/Documents/workspace/sparrows/missing --run autoheader'
AUTOMAKE='${SHELL} /home/more/Documents/workspace/sparrows/missing --run automake-1.11'
AWK='gawk'
CC='gcc'
CCDEPMODE='depmode=gcc3'
CFLAGS='-g -O2'
CPP='gcc -E'
CPPFLAGS=''
CYGPATH_W='echo'
DEFS='-DHAVE_CONFIG_H'
DEPDIR='.deps'
ECHO_C=''
ECHO_N='-n'
ECHO_T=''
EGREP='/bin/grep -E'
EXEEXT=''
GREP='/bin/grep'
INSTALL_DATA='${INSTALL} -m 644'
INSTALL_PROGRAM='${INSTALL}'
INSTALL_SCRIPT='${INSTALL}'
INSTALL_STRIP_PROGRAM='$(install_sh) -c -s'
LDFLAGS=''
LIBOBJS=''
LIBS='-lxmlo -lcda '
LTLIBOBJS=''
MAKEINFO='${SHELL} /home/more/Documents/workspace/sparrows/missing --run makeinfo'
MKDIR_P='/bin/mkdir -p'
OBJEXT='o'
PACKAGE='sparrows'
PACKAGE_BUGREPORT='monan@21cn.com'
PACKAGE_NAME='sparrows'
PACKAGE_STRING='sparrows 0.1'
PACKAGE_TARNAME='sparrows'
PACKAGE_VERSION='0.1'
PATH_SEPARATOR=':'
SET_MAKE=''
SHELL='/bin/sh'
STRIP=''
VERSION='0.1'
ac_ct_CC='gcc'
am__EXEEXT_FALSE=''
am__EXEEXT_TRUE='#'
am__fastdepCC_FALSE='#'
am__fastdepCC_TRUE=''
am__include='include'
am__isrc=''
am__leading_dot='.'
am__quote=''
am__tar='${AMTAR} chof - "$$tardir"'
am__untar='${AMTAR} xf -'
bindir='${exec_prefix}/bin'
build_alias=''
datadir='${datarootdir}'
datarootdir='${prefix}/share'
docdir='${datarootdir}/doc/${PACKAGE_TARNAME}'
dvidir='${docdir}'
exec_prefix='${prefix}'
host_alias=''
htmldir='${docdir}'
includedir='${prefix}/include'
infodir='${datarootdir}/info'
install_sh='${SHELL} /home/more/Documents/workspace/sparrows/install-sh'
libdir='${exec_prefix}/lib'
libexecdir='${exec_prefix}/libexec'
localedir='${datarootdir}/locale'
localstatedir='${prefix}/var'
mandir='${datarootdir}/man'
mkdir_p='/bin/mkdir -p'
oldincludedir='/usr/include'
pdfdir='${docdir}'
prefix='/usr/local'
program_transform_name='s,x,x,'
psdir='${docdir}'
sbindir='${exec_prefix}/sbin'
sharedstatedir='${prefix}/com'
sysconfdir='${prefix}/etc'
target_alias=''

## ----------- ##
## confdefs.h. ##
## ----------- ##

#define PACKAGE_NAME "sparrows"
#define PACKAGE_TARNAME "sparrows"
#define PACKAGE_VERSION "0.1"
#define PACKAGE_STRING "sparrows 0.1"
#define PACKAGE_BUGREPORT "monan@21cn.com"
#define PACKAGE "sparrows"
#define VERSION "0.1"
#define HAVE_LIBCDA 1
#define HAVE_LIBXMLO 1
#define STDC_HEADERS 1
#define HAVE_SYS_TYPES_H 1
#define HAVE_SYS_STAT_H 1
#define HAVE_STDLIB_H 1
#define HAVE_STRING_H 1
#define HAVE_MEMORY_H 1
#define HAVE_STRINGS_H 1
#define HAVE_INTTYPES_H 1
#define HAVE_STDINT_H 1
#define HAVE_UNISTD_H 1
#define HAVE_STDLIB_H 1
#define HAVE_XMLO_XMLO_H 1
#define HAVE_CDA_C_ARRAY_H 1

configure: exit 0
